2018-01-12 17:17:32,734  [Msg]:注册了一个用户名：wangjian 密码：123456的账户 [Line]:68
2018-01-12 17:39:05,048  [Msg]:wangjian登录成功! [Line]:27
2018-01-12 17:40:53,104  [Msg]:wangjian登录成功! [Line]:27
2018-01-12 17:42:36,525  [Msg]:wangjian登录成功! [Line]:27
2018-01-12 17:43:29,946  [Msg]:wangjian登录成功! [Line]:27
2018-01-12 17:44:28,735  [Msg]:wangjian登录成功! [Line]:27
2018-01-12 17:44:54,667  [Msg]:wangjian登录成功! [Line]:27
2018-01-12 17:45:01,962  [Msg]:wangjian登录失败!用户名或密码错误！ [Line]:33
2018-01-12 17:47:49,825  [Msg]:wangjian登录失败!用户名或密码错误！ [Line]:33
2018-01-12 17:47:58,018  [Msg]:wangjian登录成功! [Line]:27
2018-01-12 17:48:07,219  [Msg]:wangjian登录成功! [Line]:27
2018-01-12 17:49:10,047  [Msg]:wangjian登录成功! [Line]:27
2018-01-12 17:49:36,956  [Msg]:wangjian登录成功! [Line]:27
2018-01-12 17:49:42,734  [Msg]:wangjian登录成功! [Line]:27
2018-01-12 17:50:28,119  [Msg]:注册了一个用户名：destiny 密码：123456的账户 [Line]:68
2018-01-12 17:51:02,082  [Msg]:wangjian登录成功! [Line]:27
2018-01-12 17:51:04,096  [Msg]:wangjian登录成功! [Line]:27
2018-01-12 17:52:09,153  [Msg]:wangjian登录成功! [Line]:27
2018-01-12 17:57:56,635  [Msg]:wangjian登录成功! [Line]:27
2018-01-12 17:58:41,607  [Msg]:wangjian登录成功! [Line]:27
2018-01-12 17:58:41,609  [Msg]:destiny登录成功! [Line]:27
2018-01-12 17:58:56,217  [Msg]:wangjian登录成功! [Line]:27
2018-01-12 17:58:56,219  [Msg]:destiny登录成功! [Line]:27
2018-01-12 18:11:09,398  [Msg]:wangjian登录成功! [Line]:27
2018-01-12 18:11:09,402  [Msg]:destiny登录成功! [Line]:27
2018-01-12 18:37:32,443  [Msg]:wangjian登录成功! [Line]:30
2018-01-12 18:37:56,649  [Msg]:wangjian登录成功! [Line]:30
2018-01-12 18:37:56,844  [Msg]:destiny登录成功! [Line]:30
2018-01-12 18:41:14,314  [Msg]:wangjian登录成功! [Line]:30
2018-01-12 18:41:14,501  [Msg]:destiny登录成功! [Line]:30
2018-01-12 18:42:27,270  [Msg]:wangjian登录成功! [Line]:30
2018-01-12 18:42:27,466  [Msg]:destiny登录成功! [Line]:30
2018-01-12 19:30:08,238  [Msg]:wangjian登录成功! [Line]:27
2018-01-12 19:30:08,241  [Msg]:destiny登录成功! [Line]:27
2018-01-12 19:30:48,421  [Msg]:wangjian登录成功! [Line]:27
2018-01-12 19:30:48,424  [Msg]:destiny登录成功! [Line]:27
2018-01-12 19:32:45,709  [Msg]:wangjian登录成功! [Line]:27
2018-01-12 19:32:45,712  [Msg]:destiny登录成功! [Line]:27
2018-01-12 19:55:51,796  [Msg]:wangjian登录成功! [Line]:27
2018-01-12 19:55:51,800  [Msg]:destiny登录成功! [Line]:27
2018-01-12 19:56:29,626  [Msg]:wangjian登录成功! [Line]:27
2018-01-12 19:56:29,629  [Msg]:destiny登录成功! [Line]:27
